<?xml version="1.0" encoding="UTF-8"?>
<!-- Generated by org.testng.reporters.JUnitXMLReporter -->
<testsuite ignored="0" hostname="DESKTOP-E8B2JUG" failures="0" tests="3" name="Default test" time="5.264" errors="0" timestamp="2022-04-17T20:16:48 PST">
  <testcase classname="files.dynamicJson" name="addBook" time="4.037"/>
  <testcase classname="files.dynamicJson" name="addBook" time="0.572"/>
  <testcase classname="files.dynamicJson" name="addBook" time="0.576"/>
</testsuite> <!-- Default test -->
