<?xml version="1.0" encoding="UTF-8"?>
<testng-results ignored="0" total="3" passed="3" failed="0" skipped="0">
  <reporter-output>
  </reporter-output>
  <suite started-at="2022-04-17T20:16:43 PST" name="Default suite" finished-at="2022-04-17T20:16:48 PST" duration-ms="5264">
    <groups>
    </groups>
    <test started-at="2022-04-17T20:16:43 PST" name="Default test" finished-at="2022-04-17T20:16:48 PST" duration-ms="5264">
      <class name="files.dynamicJson">
        <test-method signature="addBook(java.lang.String,java.lang.String)[pri:0, instance:files.dynamicJson@6bedbc4d]" started-at="2022-04-17T20:16:43 PST" name="addBook" data-provider="getData" finished-at="2022-04-17T20:16:47 PST" duration-ms="4037" status="PASS">
          <params>
            <param index="0">
              <value>
                <![CDATA[quek]]>
              </value>
            </param>
            <param index="1">
              <value>
                <![CDATA[8777]]>
              </value>
            </param>
          </params>
          <reporter-output>
          </reporter-output>
        </test-method> <!-- addBook -->
        <test-method signature="addBook(java.lang.String,java.lang.String)[pri:0, instance:files.dynamicJson@6bedbc4d]" started-at="2022-04-17T20:16:47 PST" name="addBook" data-provider="getData" finished-at="2022-04-17T20:16:47 PST" duration-ms="572" status="PASS">
          <params>
            <param index="0">
              <value>
                <![CDATA[reyyy]]>
              </value>
            </param>
            <param index="1">
              <value>
                <![CDATA[619]]>
              </value>
            </param>
          </params>
          <reporter-output>
          </reporter-output>
        </test-method> <!-- addBook -->
        <test-method signature="addBook(java.lang.String,java.lang.String)[pri:0, instance:files.dynamicJson@6bedbc4d]" started-at="2022-04-17T20:16:47 PST" name="addBook" data-provider="getData" finished-at="2022-04-17T20:16:48 PST" duration-ms="576" status="PASS">
          <params>
            <param index="0">
              <value>
                <![CDATA[toona]]>
              </value>
            </param>
            <param index="1">
              <value>
                <![CDATA[555]]>
              </value>
            </param>
          </params>
          <reporter-output>
          </reporter-output>
        </test-method> <!-- addBook -->
      </class> <!-- files.dynamicJson -->
    </test> <!-- Default test -->
  </suite> <!-- Default suite -->
</testng-results>
